mode: atomic
github.com/evergreenies/go-api-tdd/cmd/api/main.go:13.44,15.17 2 0
github.com/evergreenies/go-api-tdd/cmd/api/main.go:15.17,17.3 1 0
github.com/evergreenies/go-api-tdd/cmd/api/main.go:19.2,20.20 2 0
github.com/evergreenies/go-api-tdd/cmd/api/main.go:20.20,22.3 1 0
github.com/evergreenies/go-api-tdd/cmd/api/main.go:24.2,25.16 2 0
github.com/evergreenies/go-api-tdd/cmd/api/main.go:25.16,27.3 1 0
github.com/evergreenies/go-api-tdd/cmd/api/main.go:29.2,30.16 2 0
github.com/evergreenies/go-api-tdd/cmd/api/main.go:30.16,32.3 1 0
github.com/evergreenies/go-api-tdd/cmd/api/main.go:34.2,34.16 1 0
github.com/evergreenies/go-api-tdd/cmd/api/main.go:37.13,41.16 3 0
github.com/evergreenies/go-api-tdd/cmd/api/main.go:41.16,43.3 1 0
github.com/evergreenies/go-api-tdd/pkg/common/password.go:5.47,7.16 2 3
github.com/evergreenies/go-api-tdd/pkg/common/password.go:7.16,9.3 1 1
github.com/evergreenies/go-api-tdd/pkg/common/password.go:11.2,11.28 1 2
github.com/evergreenies/go-api-tdd/pkg/common/password.go:14.53,16.2 1 1
github.com/evergreenies/go-api-tdd/pkg/store/sqlstore/postgres/postgres.go:9.50,13.2 1 3
github.com/evergreenies/go-api-tdd/pkg/store/sqlstore/postgres/user.go:20.77,22.16 2 4
github.com/evergreenies/go-api-tdd/pkg/store/sqlstore/postgres/user.go:22.16,24.3 1 0
github.com/evergreenies/go-api-tdd/pkg/store/sqlstore/postgres/user.go:25.2,29.16 3 4
github.com/evergreenies/go-api-tdd/pkg/store/sqlstore/postgres/user.go:29.16,31.3 1 1
github.com/evergreenies/go-api-tdd/pkg/store/sqlstore/postgres/user.go:33.2,33.18 1 3
github.com/evergreenies/go-api-tdd/pkg/store/sqlstore/postgres/user.go:36.56,38.16 2 4
github.com/evergreenies/go-api-tdd/pkg/store/sqlstore/postgres/user.go:38.16,40.3 1 1
github.com/evergreenies/go-api-tdd/pkg/store/sqlstore/postgres/user.go:42.2,42.12 1 3
github.com/evergreenies/go-api-tdd/pkg/store/sqlstore/postgres/user.go:45.77,50.16 3 3
github.com/evergreenies/go-api-tdd/pkg/store/sqlstore/postgres/user.go:50.16,51.36 1 2
github.com/evergreenies/go-api-tdd/pkg/store/sqlstore/postgres/user.go:51.36,53.4 1 1
github.com/evergreenies/go-api-tdd/pkg/store/sqlstore/postgres/user.go:54.3,54.18 1 1
github.com/evergreenies/go-api-tdd/pkg/store/sqlstore/postgres/user.go:57.2,57.18 1 1
github.com/evergreenies/go-api-tdd/pkg/store/sqlstore/postgres/user.go:60.70,66.16 3 3
github.com/evergreenies/go-api-tdd/pkg/store/sqlstore/postgres/user.go:66.16,67.36 1 2
github.com/evergreenies/go-api-tdd/pkg/store/sqlstore/postgres/user.go:67.36,69.4 1 1
github.com/evergreenies/go-api-tdd/pkg/store/sqlstore/postgres/user.go:71.3,71.18 1 1
github.com/evergreenies/go-api-tdd/pkg/store/sqlstore/postgres/user.go:74.2,74.18 1 1
